src/components/kanban/add-task-dialog.tsx(295,22): error TS2322: Type '{ className: string; "data-testid": string; onChange: (...event: any[]) => void; onBlur: Noop; value: string | null | undefined; disabled?: boolean | undefined; name: "description"; ref: RefCallBack; placeholder: string; }' is not assignable to type 'Omit<DetailedHTMLProps<TextareaHTMLAttributes<HTMLTextAreaElement>, HTMLTextAreaElement>, "ref">'.
  Types of property 'value' are incompatible.
    Type 'string | null | undefined' is not assignable to type 'string | number | readonly string[] | undefined'.
      Type 'null' is not assignable to type 'string | number | readonly string[] | undefined'.
src/components/kanban/column-management-dialog.tsx(161,9): error TS2322: Type '"Esta coluna já foi excluída ou não existe."' is not assignable to type '"Erro ao excluir coluna. Tente novamente."'.
src/components/kanban/multi-user-selector.tsx(142,31): error TS2339: Property 'role' does not exist on type '{ id: string; name: string; status: string | null; email: string; createdAt: Date | null; updatedAt: Date | null; password: string | null; avatar: string | null; profileId: string | null; firstLogin: boolean | null; }'.
src/components/kanban/multi-user-selector.tsx(143,72): error TS2339: Property 'role' does not exist on type '{ id: string; name: string; status: string | null; email: string; createdAt: Date | null; updatedAt: Date | null; password: string | null; avatar: string | null; profileId: string | null; firstLogin: boolean | null; }'.
src/components/kanban/profile-management-dialog.tsx(74,7): error TS2322: Type 'string' is not assignable to type 'boolean | null | undefined'.
src/components/kanban/profile-management-dialog.tsx(340,32): error TS2367: This comparison appears to be unintentional because the types 'boolean | null' and 'string' have no overlap.
src/components/kanban/profile-management-dialog.tsx(390,64): error TS2345: Argument of type '(data: InsertProfile) => void' is not assignable to parameter of type 'SubmitHandler<TFieldValues>'.
  Types of parameters 'data' and 'data' are incompatible.
    Type 'TFieldValues' is not assignable to type '{ name: string; color?: string | undefined; description?: string | null | undefined; isDefault?: boolean | null | undefined; }'.
      Property 'name' is missing in type 'FieldValues' but required in type '{ name: string; color?: string | undefined; description?: string | null | undefined; isDefault?: boolean | null | undefined; }'.
src/components/kanban/profile-management-dialog.tsx(392,27): error TS2322: Type 'Control<{ name: string; color?: string | undefined; description?: string | null | undefined; isDefault?: boolean | null | undefined; }, any, TFieldValues>' is not assignable to type 'Control<{ name: string; color?: string | undefined; description?: string | null | undefined; isDefault?: boolean | null | undefined; }, any, { name: string; color?: string | undefined; description?: string | ... 1 more ... | undefined; isDefault?: boolean | ... 1 more ... | undefined; }>'.
  The types of '_options.resolver' are incompatible between these types.
    Type 'Resolver<{ name: string; color?: string | undefined; description?: string | null | undefined; isDefault?: boolean | null | undefined; }, any, TFieldValues> | undefined' is not assignable to type 'Resolver<{ name: string; color?: string | undefined; description?: string | null | undefined; isDefault?: boolean | null | undefined; }, any, { name: string; color?: string | undefined; description?: string | ... 1 more ... | undefined; isDefault?: boolean | ... 1 more ... | undefined; }> | undefined'.
      Type 'Resolver<{ name: string; color?: string | undefined; description?: string | null | undefined; isDefault?: boolean | null | undefined; }, any, TFieldValues>' is not assignable to type 'Resolver<{ name: string; color?: string | undefined; description?: string | null | undefined; isDefault?: boolean | null | undefined; }, any, { name: string; color?: string | undefined; description?: string | ... 1 more ... | undefined; isDefault?: boolean | ... 1 more ... | undefined; }>'.
        Type 'TFieldValues' is not assignable to type '{ name: string; color?: string | undefined; description?: string | null | undefined; isDefault?: boolean | null | undefined; }'.
          Property 'name' is missing in type 'FieldValues' but required in type '{ name: string; color?: string | undefined; description?: string | null | undefined; isDefault?: boolean | null | undefined; }'.
src/components/kanban/profile-management-dialog.tsx(406,27): error TS2322: Type 'Control<{ name: string; color?: string | undefined; description?: string | null | undefined; isDefault?: boolean | null | undefined; }, any, TFieldValues>' is not assignable to type 'Control<{ name: string; color?: string | undefined; description?: string | null | undefined; isDefault?: boolean | null | undefined; }, any, { name: string; color?: string | undefined; description?: string | ... 1 more ... | undefined; isDefault?: boolean | ... 1 more ... | undefined; }>'.
  The types of '_options.resolver' are incompatible between these types.
    Type 'Resolver<{ name: string; color?: string | undefined; description?: string | null | undefined; isDefault?: boolean | null | undefined; }, any, TFieldValues> | undefined' is not assignable to type 'Resolver<{ name: string; color?: string | undefined; description?: string | null | undefined; isDefault?: boolean | null | undefined; }, any, { name: string; color?: string | undefined; description?: string | ... 1 more ... | undefined; isDefault?: boolean | ... 1 more ... | undefined; }> | undefined'.
      Type 'Resolver<{ name: string; color?: string | undefined; description?: string | null | undefined; isDefault?: boolean | null | undefined; }, any, TFieldValues>' is not assignable to type 'Resolver<{ name: string; color?: string | undefined; description?: string | null | undefined; isDefault?: boolean | null | undefined; }, any, { name: string; color?: string | undefined; description?: string | ... 1 more ... | undefined; isDefault?: boolean | ... 1 more ... | undefined; }>'.
        Type 'TFieldValues' is not assignable to type '{ name: string; color?: string | undefined; description?: string | null | undefined; isDefault?: boolean | null | undefined; }'.
          Property 'name' is missing in type 'FieldValues' but required in type '{ name: string; color?: string | undefined; description?: string | null | undefined; isDefault?: boolean | null | undefined; }'.
src/components/kanban/profile-management-dialog.tsx(426,27): error TS2322: Type 'Control<{ name: string; color?: string | undefined; description?: string | null | undefined; isDefault?: boolean | null | undefined; }, any, TFieldValues>' is not assignable to type 'Control<{ name: string; color?: string | undefined; description?: string | null | undefined; isDefault?: boolean | null | undefined; }, any, { name: string; color?: string | undefined; description?: string | ... 1 more ... | undefined; isDefault?: boolean | ... 1 more ... | undefined; }>'.
  The types of '_options.resolver' are incompatible between these types.
    Type 'Resolver<{ name: string; color?: string | undefined; description?: string | null | undefined; isDefault?: boolean | null | undefined; }, any, TFieldValues> | undefined' is not assignable to type 'Resolver<{ name: string; color?: string | undefined; description?: string | null | undefined; isDefault?: boolean | null | undefined; }, any, { name: string; color?: string | undefined; description?: string | ... 1 more ... | undefined; isDefault?: boolean | ... 1 more ... | undefined; }> | undefined'.
      Type 'Resolver<{ name: string; color?: string | undefined; description?: string | null | undefined; isDefault?: boolean | null | undefined; }, any, TFieldValues>' is not assignable to type 'Resolver<{ name: string; color?: string | undefined; description?: string | null | undefined; isDefault?: boolean | null | undefined; }, any, { name: string; color?: string | undefined; description?: string | ... 1 more ... | undefined; isDefault?: boolean | ... 1 more ... | undefined; }>'.
        Type 'TFieldValues' is not assignable to type '{ name: string; color?: string | undefined; description?: string | null | undefined; isDefault?: boolean | null | undefined; }'.
          Property 'name' is missing in type 'FieldValues' but required in type '{ name: string; color?: string | undefined; description?: string | null | undefined; isDefault?: boolean | null | undefined; }'.
src/components/kanban/quick-create-panel.tsx(339,18): error TS2339: Property 'role' does not exist on type '{ id: string; name: string; status: string | null; email: string; createdAt: Date | null; updatedAt: Date | null; password: string | null; avatar: string | null; profileId: string | null; firstLogin: boolean | null; }'.
src/components/kanban/quick-create-panel.tsx(747,48): error TS2339: Property 'role' does not exist on type '{ id: string; name: string; status: string | null; email: string; createdAt: Date | null; updatedAt: Date | null; password: string | null; avatar: string | null; profileId: string | null; firstLogin: boolean | null; }'.
src/components/kanban/quick-create-panel.tsx(902,34): error TS2367: This comparison appears to be unintentional because the types 'boolean | null' and 'string' have no overlap.
src/components/kanban/task-card.tsx(129,47): error TS2339: Property 'tags' does not exist on type '{ progress: number; title: string; id: string; status: string; description: string | null; createdAt: Date | null; updatedAt: Date | null; boardId: string; priority: string; assigneeId: string | null; position: number; }'.
src/components/kanban/task-timeline.tsx(236,26): error TS2339: Property 'userName' does not exist on type '{ metadata: string | null; id: string; description: string; createdAt: Date | null; userId: string | null; taskId: string; eventType: string; }'.
src/components/kanban/task-timeline.tsx(240,34): error TS2339: Property 'userAvatar' does not exist on type '{ metadata: string | null; id: string; description: string; createdAt: Date | null; userId: string | null; taskId: string; eventType: string; }'.
src/components/kanban/task-timeline.tsx(240,54): error TS2339: Property 'userName' does not exist on type '{ metadata: string | null; id: string; description: string; createdAt: Date | null; userId: string | null; taskId: string; eventType: string; }'.
src/components/kanban/task-timeline.tsx(240,78): error TS7006: Parameter 'n' implicitly has an 'any' type.
src/components/kanban/task-timeline.tsx(243,82): error TS2339: Property 'userName' does not exist on type '{ metadata: string | null; id: string; description: string; createdAt: Date | null; userId: string | null; taskId: string; eventType: string; }'.
src/components/kanban/user-management-dialog.tsx(105,9): error TS2322: Type '"Este email já está sendo usado por outro usuário. Escolha um email diferente."' is not assignable to type '"Erro ao criar usuário. Tente novamente."'.
src/components/kanban/user-selector.tsx(70,35): error TS2339: Property 'role' does not exist on type '{ id: string; name: string; status: string | null; email: string; createdAt: Date | null; updatedAt: Date | null; password: string | null; avatar: string | null; profileId: string | null; firstLogin: boolean | null; }'.
src/components/kanban/user-selector.tsx(71,76): error TS2339: Property 'role' does not exist on type '{ id: string; name: string; status: string | null; email: string; createdAt: Date | null; updatedAt: Date | null; password: string | null; avatar: string | null; profileId: string | null; firstLogin: boolean | null; }'.
src/components/kanban/user-selector.tsx(134,33): error TS2339: Property 'role' does not exist on type '{ id: string; name: string; status: string | null; email: string; createdAt: Date | null; updatedAt: Date | null; password: string | null; avatar: string | null; profileId: string | null; firstLogin: boolean | null; }'.
src/components/kanban/user-selector.tsx(134,53): error TS2339: Property 'role' does not exist on type '{ id: string; name: string; status: string | null; email: string; createdAt: Date | null; updatedAt: Date | null; password: string | null; avatar: string | null; profileId: string | null; firstLogin: boolean | null; }'.
src/components/security/SecurityEnhancedComponent.tsx(14,5): error TS2339: Property 'currentUser' does not exist on type '{ checkPermissionWithLog: (permission: string, resource?: string) => boolean; canCreateTasks: boolean; canEditTasks: boolean; canDeleteTasks: boolean; canViewTasks: boolean; canManageColumns: boolean; ... 17 more ...; logSecurityAttempt: (action: string, resource: string, success: boolean) => void; }'.
src/components/security/SecurityEnhancedComponent.tsx(15,5): error TS2339: Property 'userPermissions' does not exist on type '{ checkPermissionWithLog: (permission: string, resource?: string) => boolean; canCreateTasks: boolean; canEditTasks: boolean; canDeleteTasks: boolean; canViewTasks: boolean; canManageColumns: boolean; ... 17 more ...; logSecurityAttempt: (action: string, resource: string, success: boolean) => void; }'.
src/components/security/SecurityEnhancedComponent.tsx(202,37): error TS7006: Parameter 'permission' implicitly has an 'any' type.
src/components/user-profile-indicator.tsx(59,70): error TS2339: Property 'role' does not exist on type '{ id: string; name: string; status: string | null; email: string; createdAt: Date | null; updatedAt: Date | null; password: string | null; avatar: string | null; profileId: string | null; firstLogin: boolean | null; }'.
src/lib/apolloCacheCleanup.ts(83,42): error TS2339: Property 'success' does not exist on type '{ readonly STARTING: () => string; readonly CLEARED_LOCALSTORAGE: (count: number) => string; readonly TIP_ERRORS: () => string; readonly TIP_STYLE: () => string; readonly CLEARED_SESSIONSTORAGE: (count: number) => string; ... 15 more ...; readonly SUCCESS_STYLE: () => string; }'.
src/pages/PermissionsHub.tsx(660,21): error TS2322: Type '"role"' is not assignable to type '"name" | "email"'.
src/pages/PermissionsHub.tsx(759,29): error TS2322: Type '"role"' is not assignable to type '"name" | "email"'.
src/pages/security-demo.tsx(10,11): error TS2339: Property 'currentUser' does not exist on type '{ checkPermissionWithLog: (permission: string, resource?: string) => boolean; canCreateTasks: boolean; canEditTasks: boolean; canDeleteTasks: boolean; canViewTasks: boolean; canManageColumns: boolean; ... 17 more ...; logSecurityAttempt: (action: string, resource: string, success: boolean) => void; }'.
src/pages/user-settings.tsx(202,70): error TS2339: Property 'role' does not exist on type '{ id: string; name: string; status: string | null; email: string; createdAt: Date | null; updatedAt: Date | null; password: string | null; avatar: string | null; profileId: string | null; firstLogin: boolean | null; }'.
src/pages/user-settings.tsx(203,34): error TS2339: Property 'role' does not exist on type '{ id: string; name: string; status: string | null; email: string; createdAt: Date | null; updatedAt: Date | null; password: string | null; avatar: string | null; profileId: string | null; firstLogin: boolean | null; }'.
src/pages/user-settings.tsx(287,71): error TS2339: Property 'role' does not exist on type '{ id: string; name: string; status: string | null; email: string; createdAt: Date | null; updatedAt: Date | null; password: string | null; avatar: string | null; profileId: string | null; firstLogin: boolean | null; }'.
../server/auth/authCache.ts(155,16): error TS2552: Cannot find name 'stats'. Did you mean 'status'?
../server/auth/authCache.ts(155,30): error TS2552: Cannot find name 'stats'. Did you mean 'status'?
../server/auth/authCache.ts(155,43): error TS2552: Cannot find name 'stats'. Did you mean 'status'?
../server/auth/authCache.ts(156,18): error TS2552: Cannot find name 'stats'. Did you mean 'status'?
../server/auth/authCache.ts(157,33): error TS2552: Cannot find name 'stats'. Did you mean 'status'?
../server/auth/authCache.ts(158,39): error TS2552: Cannot find name 'stats'. Did you mean 'status'?
../server/cqrs/commands.ts(46,29): error TS2304: Cannot find name 'PreparedStatements'.
../server/cqrs/commands.ts(57,7): error TS2304: Cannot find name 'PreparedStatements'.
../server/cqrs/commands.ts(65,16): error TS7006: Parameter 'error' implicitly has an 'any' type.
../server/cqrs/commands.ts(105,28): error TS2304: Cannot find name 'db'.
../server/cqrs/commands.ts(106,17): error TS2304: Cannot find name 'tasks'.
../server/cqrs/commands.ts(144,28): error TS2304: Cannot find name 'db'.
../server/cqrs/commands.ts(145,17): error TS2304: Cannot find name 'tasks'.
../server/cqrs/commands.ts(150,16): error TS2304: Cannot find name 'eq'.
../server/cqrs/commands.ts(150,19): error TS2304: Cannot find name 'tasks'.
../server/cqrs/commands.ts(183,36): error TS2304: Cannot find name 'db'.
../server/cqrs/commands.ts(185,15): error TS2304: Cannot find name 'tasks'.
../server/cqrs/commands.ts(186,16): error TS2304: Cannot find name 'eq'.
../server/cqrs/commands.ts(186,19): error TS2304: Cannot find name 'tasks'.
../server/cqrs/commands.ts(194,13): error TS2304: Cannot find name 'db'.
../server/cqrs/commands.ts(194,23): error TS2304: Cannot find name 'tasks'.
../server/cqrs/commands.ts(194,36): error TS2304: Cannot find name 'eq'.
../server/cqrs/commands.ts(194,39): error TS2304: Cannot find name 'tasks'.
../server/cqrs/queries.ts(129,13): error TS7034: Variable 'result' implicitly has type 'any[]' in some locations where its type cannot be determined.
../server/cqrs/queries.ts(131,11): error TS7005: Variable 'result' implicitly has an 'any[]' type.
../server/cqrs/queries.ts(132,35): error TS7005: Variable 'result' implicitly has an 'any[]' type.
../server/cqrs/queries.ts(138,14): error TS7005: Variable 'result' implicitly has an 'any[]' type.
../server/events/index.ts(167,15): error TS2484: Export declaration conflicts with exported declaration of 'DomainEventHandler'.
../server/microservices/apiGateway.ts(252,23): error TS2304: Cannot find name 'cacheStats'.
../server/microservices/apiGateway.ts(252,42): error TS2304: Cannot find name 'cacheStats'.
../server/microservices/apiGateway.ts(252,60): error TS2304: Cannot find name 'cacheStats'.
../server/services/exportService.ts(32,55): error TS2551: Property 'EXPORT' does not exist on type '{ readonly USERS: { readonly LIST: "List Users"; readonly CREATE: "Create Users"; readonly EDIT: "Edit Users"; readonly DELETE: "Delete Users"; readonly VIEW: "View Users"; }; readonly TEAMS: { ...; }; ... 14 more ...; readonly TASK_PRIORITIES: { ...; }; }'. Did you mean 'EXPORTS'?
../server/services/exportService.ts(54,55): error TS2551: Property 'EXPORT' does not exist on type '{ readonly USERS: { readonly LIST: "List Users"; readonly CREATE: "Create Users"; readonly EDIT: "Edit Users"; readonly DELETE: "Delete Users"; readonly VIEW: "View Users"; }; readonly TEAMS: { ...; }; ... 14 more ...; readonly TASK_PRIORITIES: { ...; }; }'. Did you mean 'EXPORTS'?
../server/services/exportService.ts(61,22): error TS2345: Argument of type '"export.created"' is not assignable to parameter of type 'keyof EventRegistry'.
../server/services/exportService.ts(78,55): error TS2551: Property 'EXPORT' does not exist on type '{ readonly USERS: { readonly LIST: "List Users"; readonly CREATE: "Create Users"; readonly EDIT: "Edit Users"; readonly DELETE: "Delete Users"; readonly VIEW: "View Users"; }; readonly TEAMS: { ...; }; ... 14 more ...; readonly TASK_PRIORITIES: { ...; }; }'. Did you mean 'EXPORTS'?
../server/services/exportService.ts(85,22): error TS2345: Argument of type '"export.updated"' is not assignable to parameter of type 'keyof EventRegistry'.
../server/services/notificationService.ts(125,22): error TS2345: Argument of type '"notification.created"' is not assignable to parameter of type 'keyof EventRegistry'.
../server/services/notificationService.ts(169,22): error TS2345: Argument of type '"notification.updated"' is not assignable to parameter of type 'keyof EventRegistry'.
../server/services/notificationService.ts(191,22): error TS2345: Argument of type '"notification.deleted"' is not assignable to parameter of type 'keyof EventRegistry'.
../server/services/notificationService.ts(211,22): error TS2345: Argument of type '"notification.read"' is not assignable to parameter of type 'keyof EventRegistry'.
../server/services/notificationService.ts(233,22): error TS2345: Argument of type '"notifications.all_read"' is not assignable to parameter of type 'keyof EventRegistry'.
../server/services/notificationService.ts(257,22): error TS2345: Argument of type '"notifications.expired_deleted"' is not assignable to parameter of type 'keyof EventRegistry'.
../server/services/permissionService.ts(93,22): error TS2345: Argument of type '"permission.created"' is not assignable to parameter of type 'keyof EventRegistry'.
../server/services/permissionService.ts(127,22): error TS2345: Argument of type '"permission.updated"' is not assignable to parameter of type 'keyof EventRegistry'.
../server/services/permissionService.ts(161,22): error TS2345: Argument of type '"permission.deleted"' is not assignable to parameter of type 'keyof EventRegistry'.
../server/services/permissionService.ts(201,22): error TS2345: Argument of type '"user_permission.added"' is not assignable to parameter of type 'keyof EventRegistry'.
../server/services/permissionService.ts(225,22): error TS2345: Argument of type '"user_permission.removed"' is not assignable to parameter of type 'keyof EventRegistry'.
../server/services/permissionService.ts(265,22): error TS2345: Argument of type '"team_permission.added"' is not assignable to parameter of type 'keyof EventRegistry'.
../server/services/permissionService.ts(289,22): error TS2345: Argument of type '"team_permission.removed"' is not assignable to parameter of type 'keyof EventRegistry'.
../server/services/profileService.ts(91,22): error TS2345: Argument of type '"profile.created"' is not assignable to parameter of type 'keyof EventRegistry'.
../server/services/profileService.ts(126,22): error TS2345: Argument of type '"profile.updated"' is not assignable to parameter of type 'keyof EventRegistry'.
../server/services/profileService.ts(160,22): error TS2345: Argument of type '"profile.deleted"' is not assignable to parameter of type 'keyof EventRegistry'.
../server/services/tagService.ts(95,37): error TS2345: Argument of type '{ tagId: string; userId: string; tagName: string; }' is not assignable to parameter of type '{ tagId: string; tagName: string; color: string; userId: string; }'.
  Property 'color' is missing in type '{ tagId: string; userId: string; tagName: string; }' but required in type '{ tagId: string; tagName: string; color: string; userId: string; }'.
../server/services/tagService.ts(127,37): error TS2345: Argument of type '{ tagId: string; userId: string; changes: TagUpdateRequest; }' is not assignable to parameter of type '{ tagId: string; tagName: string; changes: { name?: string | undefined; color?: string | undefined; }; userId: string; }'.
  Property 'tagName' is missing in type '{ tagId: string; userId: string; changes: TagUpdateRequest; }' but required in type '{ tagId: string; tagName: string; changes: { name?: string | undefined; color?: string | undefined; }; userId: string; }'.
../server/services/tagService.ts(159,22): error TS2345: Argument of type '"tag.deleted"' is not assignable to parameter of type 'keyof EventRegistry'.
../server/services/taskEventService.ts(63,22): error TS2345: Argument of type '"task_event.created"' is not assignable to parameter of type 'keyof EventRegistry'.
../server/services/teamProfileService.ts(60,22): error TS2345: Argument of type '"team_profile.assigned"' is not assignable to parameter of type 'keyof EventRegistry'.
../server/services/teamProfileService.ts(82,22): error TS2345: Argument of type '"team_profile.deleted"' is not assignable to parameter of type 'keyof EventRegistry'.
../server/services/teamProfileService.ts(101,22): error TS2345: Argument of type '"team_profile.removed"' is not assignable to parameter of type 'keyof EventRegistry'.
../server/services/userService.ts(201,9): error TS2561: Object literal may only specify known properties, but 'userId' does not exist in type '{ user: { id: string; name: string; status: string | null; email: string; createdAt: Date | null; updatedAt: Date | null; password: string | null; avatar: string | null; profileId: string | null; firstLogin: boolean | null; }; welcomeEmailSent?: boolean | undefined; }'. Did you mean to write 'user'?
../server/services/userService.ts(247,9): error TS2353: Object literal may only specify known properties, and 'updatedBy' does not exist in type '{ userId: string; user: { id: string; name: string; status: string | null; email: string; createdAt: Date | null; updatedAt: Date | null; password: string | null; avatar: string | null; profileId: string | null; firstLogin: boolean | null; }; changes: Partial<...>; }'.
../server/services/userService.ts(281,22): error TS2345: Argument of type '"user.deleted"' is not assignable to parameter of type 'keyof EventRegistry'.
../server/services/userService.ts(318,22): error TS2345: Argument of type '"user.password_changed"' is not assignable to parameter of type 'keyof EventRegistry'.
../server/services/userTeamService.ts(76,22): error TS2345: Argument of type '"user_team.created"' is not assignable to parameter of type 'keyof EventRegistry'.
../server/storage.ts(193,44): error TS2304: Cannot find name 'page'.
../server/storage.ts(197,43): error TS2304: Cannot find name 'page'.
../server/storage.ts(633,56): error TS2345: Argument of type 'number | null' is not assignable to parameter of type 'number'.
  Type 'null' is not assignable to type 'number'.
../server/storage.ts(671,56): error TS2345: Argument of type 'number | null' is not assignable to parameter of type 'number'.
  Type 'null' is not assignable to type 'number'.
